# JRE version: Java(TM) SE Runtime Environment (21.0.2+13) (build 21.0.2+13-LTS-58)
# Java VM: Java HotSpot(TM) 64-Bit Server VM (21.0.2+13-LTS-58, mixed mode, sharing, tiered, compressed oops, compressed class ptrs, g1 gc, windows-amd64)
GC Precious Log:
 CardTable entry size: 512
 Card Set container configuration: InlinePtr #cards 5 size 8 Array Of Cards #cards 12 size 40 Howl #buckets 4 coarsen threshold 1843 Howl Bitmap #cards 512 size 80 coarsen threshold 460 Card regions per heap region 1 cards per card region 2048
 CPUs: 2 total, 2 available
 Memory: 6094M
 Large Page Support: Disabled
 NUMA Support: Disabled
 Compressed Oops: Enabled (32-bit)
 Heap Region Size: 1M
 Heap Min Capacity: 256M
 Heap Initial Capacity: 256M
 Heap Max Capacity: 512M
 Pre-touch: Disabled
 Parallel Workers: 2
 Concurrent Workers: 1
 Concurrent Refinement Workers: 2
 Periodic GC: Disabled
Heap:
 garbage-first heap   total 262144K, used 182784K [0x00000000e0000000, 0x0000000100000000)
  region size 1024K, 122 young (124928K), 9 survivors (9216K)
 Metaspace       used 92946K, committed 94912K, reserved 458752K
  class space    used 12362K, committed 13376K, reserved 327680K
GC Heap History (20 events):
Event: 20.655 GC heap before
{Heap before GC invocations=3 (full 0):
 garbage-first heap   total 262144K, used 34776K [0x00000000e0000000, 0x0000000100000000)
  region size 1024K, 23 young (23552K), 1 survivors (1024K)
 Metaspace       used 4201K, committed 4416K, reserved 393216K
  class space    used 503K, committed 640K, reserved 327680K
}
Event: 20.658 GC heap after
{Heap after GC invocations=4 (full 0):
 garbage-first heap   total 262144K, used 14602K [0x00000000e0000000, 0x0000000100000000)
  region size 1024K, 3 young (3072K), 3 survivors (3072K)
 Metaspace       used 4201K, committed 4416K, reserved 393216K
  class space    used 503K, committed 640K, reserved 327680K
}
Event: 45.602 GC heap before
{Heap before GC invocations=4 (full 0):
 garbage-first heap   total 262144K, used 112906K [0x00000000e0000000, 0x0000000100000000)
  region size 1024K, 101 young (103424K), 3 survivors (3072K)
 Metaspace       used 20814K, committed 21504K, reserved 393216K
  class space    used 2997K, committed 3264K, reserved 327680K
}
Event: 45.630 GC heap after
{Heap after GC invocations=5 (full 0):
 garbage-first heap   total 262144K, used 22794K [0x00000000e0000000, 0x0000000100000000)
  region size 1024K, 11 young (11264K), 11 survivors (11264K)
 Metaspace       used 20814K, committed 21504K, reserved 393216K
  class space    used 2997K, committed 3264K, reserved 327680K
}
Event: 71.843 GC heap before
{Heap before GC invocations=6 (full 0):
 garbage-first heap   total 262144K, used 97546K [0x00000000e0000000, 0x0000000100000000)
  region size 1024K, 84 young (86016K), 11 survivors (11264K)
 Metaspace       used 30986K, committed 32192K, reserved 393216K
  class space    used 4642K, committed 5248K, reserved 327680K
}
Event: 71.870 GC heap after
{Heap after GC invocations=7 (full 0):
 garbage-first heap   total 262144K, used 27408K [0x00000000e0000000, 0x0000000100000000)
  region size 1024K, 5 young (5120K), 5 survivors (5120K)
 Metaspace       used 30986K, committed 32192K, reserved 393216K
  class space    used 4642K, committed 5248K, reserved 327680K
}
Event: 77.079 GC heap before
{Heap before GC invocations=7 (full 0):
 garbage-first heap   total 262144K, used 38672K [0x00000000e0000000, 0x0000000100000000)
  region size 1024K, 18 young (18432K), 5 survivors (5120K)
 Metaspace       used 34859K, committed 35968K, reserved 393216K
  class space    used 5025K, committed 5568K, reserved 327680K
}
Event: 77.090 GC heap after
{Heap after GC invocations=8 (full 0):
 garbage-first heap   total 262144K, used 28659K [0x00000000e0000000, 0x0000000100000000)
  region size 1024K, 6 young (6144K), 6 survivors (6144K)
 Metaspace       used 34859K, committed 35968K, reserved 393216K
  class space    used 5025K, committed 5568K, reserved 327680K
}
Event: 77.579 GC heap before
{Heap before GC invocations=8 (full 0):
 garbage-first heap   total 262144K, used 31731K [0x00000000e0000000, 0x0000000100000000)
  region size 1024K, 10 young (10240K), 6 survivors (6144K)
 Metaspace       used 35143K, committed 36288K, reserved 393216K
  class space    used 5044K, committed 5568K, reserved 327680K
}
Event: 77.589 GC heap after
{Heap after GC invocations=9 (full 0):
 garbage-first heap   total 262144K, used 29656K [0x00000000e0000000, 0x0000000100000000)
  region size 1024K, 7 young (7168K), 7 survivors (7168K)
 Metaspace       used 35143K, committed 36288K, reserved 393216K
  class space    used 5044K, committed 5568K, reserved 327680K
}
Event: 96.270 GC heap before
{Heap before GC invocations=10 (full 0):
 garbage-first heap   total 262144K, used 88024K [0x00000000e0000000, 0x0000000100000000)
  region size 1024K, 59 young (60416K), 7 survivors (7168K)
 Metaspace       used 38181K, committed 39488K, reserved 393216K
  class space    used 5383K, committed 6016K, reserved 327680K
}
Event: 96.288 GC heap after
{Heap after GC invocations=11 (full 0):
 garbage-first heap   total 262144K, used 32935K [0x00000000e0000000, 0x0000000100000000)
  region size 1024K, 6 young (6144K), 6 survivors (6144K)
 Metaspace       used 38181K, committed 39488K, reserved 393216K
  class space    used 5383K, committed 6016K, reserved 327680K
}
Event: 130.138 GC heap before
{Heap before GC invocations=11 (full 0):
 garbage-first heap   total 262144K, used 124071K [0x00000000e0000000, 0x0000000100000000)
  region size 1024K, 94 young (96256K), 6 survivors (6144K)
 Metaspace       used 51513K, committed 52992K, reserved 393216K
  class space    used 7610K, committed 8320K, reserved 327680K
}
Event: 130.173 GC heap after
{Heap after GC invocations=12 (full 0):
 garbage-first heap   total 262144K, used 35956K [0x00000000e0000000, 0x0000000100000000)
  region size 1024K, 9 young (9216K), 9 survivors (9216K)
 Metaspace       used 51513K, committed 52992K, reserved 393216K
  class space    used 7610K, committed 8320K, reserved 327680K
}
Event: 140.659 GC heap before
{Heap before GC invocations=12 (full 0):
 garbage-first heap   total 262144K, used 85108K [0x00000000e0000000, 0x0000000100000000)
  region size 1024K, 58 young (59392K), 9 survivors (9216K)
 Metaspace       used 59141K, committed 60608K, reserved 393216K
  class space    used 8553K, committed 9280K, reserved 327680K
}
Event: 140.680 GC heap after
{Heap after GC invocations=13 (full 0):
 garbage-first heap   total 262144K, used 36995K [0x00000000e0000000, 0x0000000100000000)
  region size 1024K, 8 young (8192K), 8 survivors (8192K)
 Metaspace       used 59141K, committed 60608K, reserved 393216K
  class space    used 8553K, committed 9280K, reserved 327680K
}
Event: 170.928 GC heap before
{Heap before GC invocations=14 (full 0):
 garbage-first heap   total 262144K, used 175235K [0x00000000e0000000, 0x0000000100000000)
  region size 1024K, 129 young (132096K), 8 survivors (8192K)
 Metaspace       used 70752K, committed 72384K, reserved 393216K
  class space    used 9730K, committed 10560K, reserved 327680K
}
Event: 171.035 GC heap after
{Heap after GC invocations=15 (full 0):
 garbage-first heap   total 262144K, used 58648K [0x00000000e0000000, 0x0000000100000000)
  region size 1024K, 17 young (17408K), 17 survivors (17408K)
 Metaspace       used 70752K, committed 72384K, reserved 393216K
  class space    used 9730K, committed 10560K, reserved 327680K
}
Event: 192.812 GC heap before
{Heap before GC invocations=15 (full 0):
 garbage-first heap   total 262144K, used 165144K [0x00000000e0000000, 0x0000000100000000)
  region size 1024K, 120 young (122880K), 17 survivors (17408K)
 Metaspace       used 82361K, committed 84352K, reserved 458752K
  class space    used 11204K, committed 12224K, reserved 327680K
}
Event: 192.958 GC heap after
{Heap after GC invocations=16 (full 0):
 garbage-first heap   total 262144K, used 68096K [0x00000000e0000000, 0x0000000100000000)
  region size 1024K, 9 young (9216K), 9 survivors (9216K)
 Metaspace       used 82361K, committed 84352K, reserved 458752K
  class space    used 11204K, committed 12224K, reserved 327680K
}

